[ 2018-01-10 11:46:40,958][cascade_classifier.fit_transform] X_groups_train.shape=[(9851, 46)],y_train.shape=(9851,),X_groups_test.shape=no_test,y_test.shape=no_test
[ 2018-01-10 11:46:40,959][cascade_classifier.fit_transform] group_dims=[46]
[ 2018-01-10 11:46:40,959][cascade_classifier.fit_transform] X_train.shape=(9851, 46),X_test.shape=(0, 46)
[ 2018-01-10 11:46:40,962][cascade_classifier.fit_transform] [layer=0] look_indexs=[0], X_cur_train.shape=(9851, 46), X_cur_test.shape=(0, 46)
[ 2018-01-10 11:46:41,234][kfold_wrapper.log_eval_metrics] Accuracy(layer_0 - estimator_0 - 5_folds.train_0.predict)=92.29%
[ 2018-01-10 11:46:41,485][kfold_wrapper.log_eval_metrics] Accuracy(layer_0 - estimator_0 - 5_folds.train_1.predict)=92.49%
[ 2018-01-10 11:46:41,734][kfold_wrapper.log_eval_metrics] Accuracy(layer_0 - estimator_0 - 5_folds.train_2.predict)=92.39%
[ 2018-01-10 11:46:41,984][kfold_wrapper.log_eval_metrics] Accuracy(layer_0 - estimator_0 - 5_folds.train_3.predict)=92.34%
[ 2018-01-10 11:46:42,308][kfold_wrapper.log_eval_metrics] Accuracy(layer_0 - estimator_0 - 5_folds.train_4.predict)=92.94%
[ 2018-01-10 11:46:42,309][kfold_wrapper.log_eval_metrics] Accuracy(layer_0 - estimator_0 - 5_folds.train_cv.predict)=92.49%
[ 2018-01-10 11:46:42,586][kfold_wrapper.log_eval_metrics] Accuracy(layer_0 - estimator_1 - 5_folds.train_0.predict)=91.98%
[ 2018-01-10 11:46:42,861][kfold_wrapper.log_eval_metrics] Accuracy(layer_0 - estimator_1 - 5_folds.train_1.predict)=92.34%
[ 2018-01-10 11:46:43,137][kfold_wrapper.log_eval_metrics] Accuracy(layer_0 - estimator_1 - 5_folds.train_2.predict)=93.20%
[ 2018-01-10 11:46:43,413][kfold_wrapper.log_eval_metrics] Accuracy(layer_0 - estimator_1 - 5_folds.train_3.predict)=92.18%
[ 2018-01-10 11:46:43,689][kfold_wrapper.log_eval_metrics] Accuracy(layer_0 - estimator_1 - 5_folds.train_4.predict)=92.49%
[ 2018-01-10 11:46:43,689][kfold_wrapper.log_eval_metrics] Accuracy(layer_0 - estimator_1 - 5_folds.train_cv.predict)=92.44%
[ 2018-01-10 11:46:44,173][kfold_wrapper.log_eval_metrics] Accuracy(layer_0 - estimator_2 - 5_folds.train_0.predict)=90.92%
[ 2018-01-10 11:46:44,657][kfold_wrapper.log_eval_metrics] Accuracy(layer_0 - estimator_2 - 5_folds.train_1.predict)=91.17%
[ 2018-01-10 11:46:45,092][kfold_wrapper.log_eval_metrics] Accuracy(layer_0 - estimator_2 - 5_folds.train_2.predict)=91.02%
[ 2018-01-10 11:46:45,600][kfold_wrapper.log_eval_metrics] Accuracy(layer_0 - estimator_2 - 5_folds.train_3.predict)=91.17%
[ 2018-01-10 11:46:46,037][kfold_wrapper.log_eval_metrics] Accuracy(layer_0 - estimator_2 - 5_folds.train_4.predict)=91.22%
[ 2018-01-10 11:46:46,037][kfold_wrapper.log_eval_metrics] Accuracy(layer_0 - estimator_2 - 5_folds.train_cv.predict)=91.10%
[ 2018-01-10 11:46:46,044][cascade_classifier.calc_accuracy] Accuracy(layer_0 - train.classifier_average)=92.59%
[ 2018-01-10 11:46:46,045][cascade_classifier.fit_transform] [layer=1] look_indexs=[0], X_cur_train.shape=(9851, 52), X_cur_test.shape=(0, 52)
[ 2018-01-10 11:46:46,296][kfold_wrapper.log_eval_metrics] Accuracy(layer_1 - estimator_0 - 5_folds.train_0.predict)=92.85%
[ 2018-01-10 11:46:46,549][kfold_wrapper.log_eval_metrics] Accuracy(layer_1 - estimator_0 - 5_folds.train_1.predict)=92.84%
[ 2018-01-10 11:46:46,809][kfold_wrapper.log_eval_metrics] Accuracy(layer_1 - estimator_0 - 5_folds.train_2.predict)=93.05%
[ 2018-01-10 11:46:47,068][kfold_wrapper.log_eval_metrics] Accuracy(layer_1 - estimator_0 - 5_folds.train_3.predict)=92.79%
[ 2018-01-10 11:46:47,319][kfold_wrapper.log_eval_metrics] Accuracy(layer_1 - estimator_0 - 5_folds.train_4.predict)=92.34%
[ 2018-01-10 11:46:47,319][kfold_wrapper.log_eval_metrics] Accuracy(layer_1 - estimator_0 - 5_folds.train_cv.predict)=92.77%
[ 2018-01-10 11:46:47,596][kfold_wrapper.log_eval_metrics] Accuracy(layer_1 - estimator_1 - 5_folds.train_0.predict)=92.03%
[ 2018-01-10 11:46:47,871][kfold_wrapper.log_eval_metrics] Accuracy(layer_1 - estimator_1 - 5_folds.train_1.predict)=92.79%
[ 2018-01-10 11:46:48,148][kfold_wrapper.log_eval_metrics] Accuracy(layer_1 - estimator_1 - 5_folds.train_2.predict)=92.89%
[ 2018-01-10 11:46:48,427][kfold_wrapper.log_eval_metrics] Accuracy(layer_1 - estimator_1 - 5_folds.train_3.predict)=92.49%
[ 2018-01-10 11:46:48,704][kfold_wrapper.log_eval_metrics] Accuracy(layer_1 - estimator_1 - 5_folds.train_4.predict)=92.74%
[ 2018-01-10 11:46:48,704][kfold_wrapper.log_eval_metrics] Accuracy(layer_1 - estimator_1 - 5_folds.train_cv.predict)=92.59%
[ 2018-01-10 11:46:49,251][kfold_wrapper.log_eval_metrics] Accuracy(layer_1 - estimator_2 - 5_folds.train_0.predict)=91.12%
[ 2018-01-10 11:46:49,814][kfold_wrapper.log_eval_metrics] Accuracy(layer_1 - estimator_2 - 5_folds.train_1.predict)=91.07%
[ 2018-01-10 11:46:50,301][kfold_wrapper.log_eval_metrics] Accuracy(layer_1 - estimator_2 - 5_folds.train_2.predict)=91.12%
[ 2018-01-10 11:46:50,829][kfold_wrapper.log_eval_metrics] Accuracy(layer_1 - estimator_2 - 5_folds.train_3.predict)=91.12%
[ 2018-01-10 11:46:51,360][kfold_wrapper.log_eval_metrics] Accuracy(layer_1 - estimator_2 - 5_folds.train_4.predict)=91.12%
[ 2018-01-10 11:46:51,360][kfold_wrapper.log_eval_metrics] Accuracy(layer_1 - estimator_2 - 5_folds.train_cv.predict)=91.11%
[ 2018-01-10 11:46:51,361][cascade_classifier.calc_accuracy] Accuracy(layer_1 - train.classifier_average)=92.88%
[ 2018-01-10 11:46:51,362][cascade_classifier.fit_transform] [layer=2] look_indexs=[0], X_cur_train.shape=(9851, 52), X_cur_test.shape=(0, 52)
[ 2018-01-10 11:46:51,606][kfold_wrapper.log_eval_metrics] Accuracy(layer_2 - estimator_0 - 5_folds.train_0.predict)=92.54%
[ 2018-01-10 11:46:51,854][kfold_wrapper.log_eval_metrics] Accuracy(layer_2 - estimator_0 - 5_folds.train_1.predict)=93.50%
[ 2018-01-10 11:46:52,112][kfold_wrapper.log_eval_metrics] Accuracy(layer_2 - estimator_0 - 5_folds.train_2.predict)=92.64%
[ 2018-01-10 11:46:52,372][kfold_wrapper.log_eval_metrics] Accuracy(layer_2 - estimator_0 - 5_folds.train_3.predict)=92.49%
[ 2018-01-10 11:46:52,628][kfold_wrapper.log_eval_metrics] Accuracy(layer_2 - estimator_0 - 5_folds.train_4.predict)=93.05%
[ 2018-01-10 11:46:52,628][kfold_wrapper.log_eval_metrics] Accuracy(layer_2 - estimator_0 - 5_folds.train_cv.predict)=92.84%
[ 2018-01-10 11:46:52,908][kfold_wrapper.log_eval_metrics] Accuracy(layer_2 - estimator_1 - 5_folds.train_0.predict)=92.19%
[ 2018-01-10 11:46:53,185][kfold_wrapper.log_eval_metrics] Accuracy(layer_2 - estimator_1 - 5_folds.train_1.predict)=92.39%
[ 2018-01-10 11:46:53,463][kfold_wrapper.log_eval_metrics] Accuracy(layer_2 - estimator_1 - 5_folds.train_2.predict)=93.20%
[ 2018-01-10 11:46:53,747][kfold_wrapper.log_eval_metrics] Accuracy(layer_2 - estimator_1 - 5_folds.train_3.predict)=92.94%
[ 2018-01-10 11:46:54,024][kfold_wrapper.log_eval_metrics] Accuracy(layer_2 - estimator_1 - 5_folds.train_4.predict)=91.57%
[ 2018-01-10 11:46:54,025][kfold_wrapper.log_eval_metrics] Accuracy(layer_2 - estimator_1 - 5_folds.train_cv.predict)=92.46%
[ 2018-01-10 11:46:54,563][kfold_wrapper.log_eval_metrics] Accuracy(layer_2 - estimator_2 - 5_folds.train_0.predict)=91.12%
[ 2018-01-10 11:46:55,092][kfold_wrapper.log_eval_metrics] Accuracy(layer_2 - estimator_2 - 5_folds.train_1.predict)=90.91%
[ 2018-01-10 11:46:55,613][kfold_wrapper.log_eval_metrics] Accuracy(layer_2 - estimator_2 - 5_folds.train_2.predict)=91.12%
[ 2018-01-10 11:46:56,118][kfold_wrapper.log_eval_metrics] Accuracy(layer_2 - estimator_2 - 5_folds.train_3.predict)=91.12%
[ 2018-01-10 11:46:56,619][kfold_wrapper.log_eval_metrics] Accuracy(layer_2 - estimator_2 - 5_folds.train_4.predict)=91.17%
[ 2018-01-10 11:46:56,620][kfold_wrapper.log_eval_metrics] Accuracy(layer_2 - estimator_2 - 5_folds.train_cv.predict)=91.09%
[ 2018-01-10 11:46:56,620][cascade_classifier.calc_accuracy] Accuracy(layer_2 - train.classifier_average)=92.69%
[ 2018-01-10 11:46:56,621][cascade_classifier.fit_transform] [layer=3] look_indexs=[0], X_cur_train.shape=(9851, 52), X_cur_test.shape=(0, 52)
[ 2018-01-10 11:46:56,866][kfold_wrapper.log_eval_metrics] Accuracy(layer_3 - estimator_0 - 5_folds.train_0.predict)=92.95%
[ 2018-01-10 11:46:57,124][kfold_wrapper.log_eval_metrics] Accuracy(layer_3 - estimator_0 - 5_folds.train_1.predict)=92.89%
[ 2018-01-10 11:46:57,388][kfold_wrapper.log_eval_metrics] Accuracy(layer_3 - estimator_0 - 5_folds.train_2.predict)=92.64%
[ 2018-01-10 11:46:57,650][kfold_wrapper.log_eval_metrics] Accuracy(layer_3 - estimator_0 - 5_folds.train_3.predict)=92.69%
[ 2018-01-10 11:46:57,911][kfold_wrapper.log_eval_metrics] Accuracy(layer_3 - estimator_0 - 5_folds.train_4.predict)=92.99%
[ 2018-01-10 11:46:57,912][kfold_wrapper.log_eval_metrics] Accuracy(layer_3 - estimator_0 - 5_folds.train_cv.predict)=92.83%
[ 2018-01-10 11:46:58,194][kfold_wrapper.log_eval_metrics] Accuracy(layer_3 - estimator_1 - 5_folds.train_0.predict)=92.49%
[ 2018-01-10 11:46:58,470][kfold_wrapper.log_eval_metrics] Accuracy(layer_3 - estimator_1 - 5_folds.train_1.predict)=91.88%
[ 2018-01-10 11:46:58,749][kfold_wrapper.log_eval_metrics] Accuracy(layer_3 - estimator_1 - 5_folds.train_2.predict)=92.69%
[ 2018-01-10 11:46:59,029][kfold_wrapper.log_eval_metrics] Accuracy(layer_3 - estimator_1 - 5_folds.train_3.predict)=91.93%
[ 2018-01-10 11:46:59,306][kfold_wrapper.log_eval_metrics] Accuracy(layer_3 - estimator_1 - 5_folds.train_4.predict)=93.05%
[ 2018-01-10 11:46:59,306][kfold_wrapper.log_eval_metrics] Accuracy(layer_3 - estimator_1 - 5_folds.train_cv.predict)=92.41%
[ 2018-01-10 11:46:59,843][kfold_wrapper.log_eval_metrics] Accuracy(layer_3 - estimator_2 - 5_folds.train_0.predict)=91.12%
[ 2018-01-10 11:47:00,482][kfold_wrapper.log_eval_metrics] Accuracy(layer_3 - estimator_2 - 5_folds.train_1.predict)=91.12%
[ 2018-01-10 11:47:01,057][kfold_wrapper.log_eval_metrics] Accuracy(layer_3 - estimator_2 - 5_folds.train_2.predict)=91.17%
[ 2018-01-10 11:47:01,571][kfold_wrapper.log_eval_metrics] Accuracy(layer_3 - estimator_2 - 5_folds.train_3.predict)=91.12%
[ 2018-01-10 11:47:02,120][kfold_wrapper.log_eval_metrics] Accuracy(layer_3 - estimator_2 - 5_folds.train_4.predict)=91.22%
[ 2018-01-10 11:47:02,121][kfold_wrapper.log_eval_metrics] Accuracy(layer_3 - estimator_2 - 5_folds.train_cv.predict)=91.15%
[ 2018-01-10 11:47:02,121][cascade_classifier.calc_accuracy] Accuracy(layer_3 - train.classifier_average)=92.75%
[ 2018-01-10 11:47:02,122][cascade_classifier.fit_transform] [layer=4] look_indexs=[0], X_cur_train.shape=(9851, 52), X_cur_test.shape=(0, 52)
[ 2018-01-10 11:47:02,386][kfold_wrapper.log_eval_metrics] Accuracy(layer_4 - estimator_0 - 5_folds.train_0.predict)=92.49%
[ 2018-01-10 11:47:02,634][kfold_wrapper.log_eval_metrics] Accuracy(layer_4 - estimator_0 - 5_folds.train_1.predict)=92.99%
[ 2018-01-10 11:47:02,894][kfold_wrapper.log_eval_metrics] Accuracy(layer_4 - estimator_0 - 5_folds.train_2.predict)=92.23%
[ 2018-01-10 11:47:03,147][kfold_wrapper.log_eval_metrics] Accuracy(layer_4 - estimator_0 - 5_folds.train_3.predict)=92.54%
[ 2018-01-10 11:47:03,406][kfold_wrapper.log_eval_metrics] Accuracy(layer_4 - estimator_0 - 5_folds.train_4.predict)=92.99%
[ 2018-01-10 11:47:03,407][kfold_wrapper.log_eval_metrics] Accuracy(layer_4 - estimator_0 - 5_folds.train_cv.predict)=92.65%
[ 2018-01-10 11:47:03,682][kfold_wrapper.log_eval_metrics] Accuracy(layer_4 - estimator_1 - 5_folds.train_0.predict)=92.49%
[ 2018-01-10 11:47:03,967][kfold_wrapper.log_eval_metrics] Accuracy(layer_4 - estimator_1 - 5_folds.train_1.predict)=92.39%
[ 2018-01-10 11:47:04,242][kfold_wrapper.log_eval_metrics] Accuracy(layer_4 - estimator_1 - 5_folds.train_2.predict)=92.28%
[ 2018-01-10 11:47:04,517][kfold_wrapper.log_eval_metrics] Accuracy(layer_4 - estimator_1 - 5_folds.train_3.predict)=92.94%
[ 2018-01-10 11:47:04,797][kfold_wrapper.log_eval_metrics] Accuracy(layer_4 - estimator_1 - 5_folds.train_4.predict)=92.39%
[ 2018-01-10 11:47:04,797][kfold_wrapper.log_eval_metrics] Accuracy(layer_4 - estimator_1 - 5_folds.train_cv.predict)=92.50%
[ 2018-01-10 11:47:05,379][kfold_wrapper.log_eval_metrics] Accuracy(layer_4 - estimator_2 - 5_folds.train_0.predict)=91.12%
[ 2018-01-10 11:47:06,008][kfold_wrapper.log_eval_metrics] Accuracy(layer_4 - estimator_2 - 5_folds.train_1.predict)=91.07%
[ 2018-01-10 11:47:06,574][kfold_wrapper.log_eval_metrics] Accuracy(layer_4 - estimator_2 - 5_folds.train_2.predict)=91.12%
[ 2018-01-10 11:47:07,000][kfold_wrapper.log_eval_metrics] Accuracy(layer_4 - estimator_2 - 5_folds.train_3.predict)=91.17%
